#
# There is insufficient memory for the Java Runtime Environment to continue.
# Native memory allocation (malloc) failed to allocate 32744 bytes for ChunkPool::allocate
# Possible reasons:
#   The system is out of physical RAM or swap space
#   The process is running with CompressedOops enabled, and the Java Heap may be blocking the growth of the native heap
# Possible solutions:
#   Reduce memory load on the system
#   Increase physical memory or swap space
#   Check if swap backing store is full
#   Decrease Java heap size (-Xmx/-Xms)
#   Decrease number of Java threads
#   Decrease Java thread stack sizes (-Xss)
#   Set larger code cache with -XX:ReservedCodeCacheSize=
#   JVM is running with Zero Based Compressed Oops mode in which the Java heap is
#     placed in the first 32GB address space. The Java Heap base address is the
#     maximum limit for the native heap growth. Please use -XX:HeapBaseMinAddress
#     to set the Java Heap base and to place the Java Heap above 32GB virtual address.
# This output file may be truncated or incomplete.
#
#  Out of Memory Error (arena.cpp:78), pid=11924, tid=25168
#
# JRE version: OpenJDK Runtime Environment Temurin-17.0.4.1+1 (17.0.4.1+1) (build 17.0.4.1+1)
# Java VM: OpenJDK 64-Bit Server VM Temurin-17.0.4.1+1 (17.0.4.1+1, mixed mode, emulated-client, tiered, compressed oops, compressed class ptrs, g1 gc, windows-amd64)
# No core dump will be written. Minidumps are not enabled by default on client versions of Windows
#

---------------  S U M M A R Y ------------

Command Line: -XX:+ShowCodeDetailsInExceptionMessages -agentlib:jdwp=transport=dt_socket,suspend=y,address=localhost:65418 -Dcom.sun.management.jmxremote -Dcom.sun.management.jmxremote.port=59137 -Dcom.sun.management.jmxremote.authenticate=false -Dcom.sun.management.jmxremote.ssl=false -Djava.rmi.server.hostname=localhost -Dspring.jmx.enabled=true -Dspring.application.admin.enabled=true -XX:TieredStopAtLevel=1 -Dspring.boot.project.name=automacaoresidencial -javaagent:D:\sts-4.16.0.RELEASE\configuration\org.eclipse.osgi\268\0\.cp\lib\javaagent-shaded.jar -Dfile.encoding=UTF-8 tk.gvfs.automacaoresidencial.AutomacaoResidencialManagerApplication --spring.output.ansi.enabled=always

Host: Intel(R) Core(TM) i5-4200U CPU @ 1.60GHz, 4 cores, 15G,  Windows 10 , 64 bit Build 19041 (10.0.19041.2251)
Time: Wed Nov 30 00:35:37 2022 Hora oficial do Brasil elapsed time: 2.278436 seconds (0d 0h 0m 2s)

---------------  T H R E A D  ---------------

Current thread (0x0000020e87527a30):  JavaThread "main" [_thread_in_vm, id=25168, stack(0x000000f389100000,0x000000f389200000)]

Stack: [0x000000f389100000,0x000000f389200000]
Native frames: (J=compiled Java code, j=interpreted, Vv=VM code, C=native code)
V  [jvm.dll+0x67731a]
V  [jvm.dll+0x832284]
V  [jvm.dll+0x833a2e]
V  [jvm.dll+0x834093]
V  [jvm.dll+0x245775]
V  [jvm.dll+0xabfc0]
V  [jvm.dll+0xac30c]
V  [jvm.dll+0x38df94]
V  [jvm.dll+0x3923d2]
V  [jvm.dll+0x38ed50]
V  [jvm.dll+0x38e73e]
V  [jvm.dll+0x413dfb]
C  [java.dll+0x6e5e]

Java frames: (J=compiled Java code, j=interpreted, Vv=VM code)
j  java.lang.Throwable.fillInStackTrace(I)Ljava/lang/Throwable;+0 java.base@17.0.4.1
j  java.lang.Throwable.fillInStackTrace()Ljava/lang/Throwable;+16 java.base@17.0.4.1
j  java.lang.Throwable.<init>(Ljava/lang/String;)V+24 java.base@17.0.4.1
j  java.lang.Exception.<init>(Ljava/lang/String;)V+2 java.base@17.0.4.1
j  java.io.IOException.<init>(Ljava/lang/String;)V+2 java.base@17.0.4.1
j  java.io.FileNotFoundException.<init>(Ljava/lang/String;Ljava/lang/String;)V+51 java.base@17.0.4.1
v  ~StubRoutines::call_stub
j  java.io.FileInputStream.open0(Ljava/lang/String;)V+0 java.base@17.0.4.1
j  java.io.FileInputStream.open(Ljava/lang/String;)V+2 java.base@17.0.4.1
j  java.io.FileInputStream.<init>(Ljava/io/File;)V+96 java.base@17.0.4.1
j  java.io.FileInputStream.<init>(Ljava/lang/String;)V+17 java.base@17.0.4.1
j  sun.security.util.PolicyUtil.getInputStream(Ljava/net/URL;)Ljava/io/InputStream;+35 java.base@17.0.4.1
j  sun.security.provider.PolicyFile.init(Ljava/net/URL;Lsun/security/provider/PolicyFile$PolicyInfo;)Z+47 java.base@17.0.4.1
j  sun.security.provider.PolicyFile$4.run()Ljava/lang/Boolean;+352 java.base@17.0.4.1
j  sun.security.provider.PolicyFile$4.run()Ljava/lang/Object;+1 java.base@17.0.4.1
J 940 c1 java.security.AccessController.doPrivileged(Ljava/security/PrivilegedAction;)Ljava/lang/Object; java.base@17.0.4.1 (9 bytes) @ 0x0000020e8aedb1fc [0x0000020e8aedb1c0+0x000000000000003c]
j  sun.security.provider.PolicyFile.initPolicyFile(Ljava/lang/String;Ljava/lang/String;Lsun/security/provider/PolicyFile$PolicyInfo;)Z+11 java.base@17.0.4.1
j  sun.security.provider.PolicyFile.initPolicyFile(Lsun/security/provider/PolicyFile$PolicyInfo;Ljava/net/URL;)V+71 java.base@17.0.4.1
j  sun.security.provider.PolicyFile.init(Ljava/net/URL;)V+50 java.base@17.0.4.1
j  sun.security.provider.PolicyFile.<init>()V+24 java.base@17.0.4.1
j  java.security.Policy.loadPolicyProvider()Ljava/security/Policy;+38 java.base@17.0.4.1
j  java.security.Policy.getPolicyNoCheck()Ljava/security/Policy;+34 java.base@17.0.4.1
j  java.security.ProtectionDomain.implies(Ljava/security/Permission;)Z+16 java.base@17.0.4.1
j  java.security.ProtectionDomain.impliesWithAltFilePerm(Ljava/security/Permission;)Z+23 java.base@17.0.4.1
j  java.security.AccessControlContext.checkPermission(Ljava/security/Permission;)V+323 java.base@17.0.4.1
j  java.security.AccessController.checkPermission(Ljava/security/Permission;)V+161 java.base@17.0.4.1
j  ch.qos.logback.core.util.Loader$1.run()Ljava/lang/Boolean;+9
j  ch.qos.logback.core.util.Loader$1.run()Ljava/lang/Object;+1
J 940 c1 java.security.AccessController.doPrivileged(Ljava/security/PrivilegedAction;)Ljava/lang/Object; java.base@17.0.4.1 (9 bytes) @ 0x0000020e8aedb1fc [0x0000020e8aedb1c0+0x000000000000003c]
j  ch.qos.logback.core.util.Loader.<clinit>()V+34
v  ~StubRoutines::call_stub
j  ch.qos.logback.classic.util.ContextInitializer.findURLOfDefaultConfigurationFile(Z)Ljava/net/URL;+1
j  ch.qos.logback.classic.util.ContextInitializer.autoConfig()V+9
j  org.slf4j.impl.StaticLoggerBinder.init()V+11
j  org.slf4j.impl.StaticLoggerBinder.<clinit>()V+28
v  ~StubRoutines::call_stub
j  org.slf4j.LoggerFactory.bind()V+16
j  org.slf4j.LoggerFactory.performInitialization()V+0
j  org.slf4j.LoggerFactory.getILoggerFactory()Lorg/slf4j/ILoggerFactory;+21
j  org.slf4j.LoggerFactory.getLogger(Ljava/lang/String;)Lorg/slf4j/Logger;+0
j  org.apache.commons.logging.LogAdapter$Slf4jAdapter.createLocationAwareLog(Ljava/lang/String;)Lorg/apache/commons/logging/Log;+1
j  org.apache.commons.logging.LogAdapter.createLog(Ljava/lang/String;)Lorg/apache/commons/logging/Log;+42
j  org.apache.commons.logging.LogFactory.getLog(Ljava/lang/String;)Lorg/apache/commons/logging/Log;+1
j  org.apache.commons.logging.LogFactory.getLog(Ljava/lang/Class;)Lorg/apache/commons/logging/Log;+4
j  org.springframework.boot.SpringApplication.<clinit>()V+2
v  ~StubRoutines::call_stub
j  tk.gvfs.automacaoresidencial.AutomacaoResidencialManagerApplication.main([Ljava/lang/String;)V+3
v  ~StubRoutines::call_stub

---------------  P R O C E S S  ---------------

Threads class SMR info:
_java_thread_list=0x0000020e9ade9660, length=18, elements={
0x0000020e87527a30, 0x0000020e9a045620, 0x0000020e9a046160, 0x0000020e9a06c490,
0x0000020e9a06cd50, 0x0000020e9a077a30, 0x0000020e9a07e530, 0x0000020e9a080c00,
0x0000020e9a081500, 0x0000020e9a07eed0, 0x0000020e9a288a70, 0x0000020e9a2a9920,
0x0000020e9a2a9e10, 0x0000020e9abed3b0, 0x0000020e9a07ea00, 0x0000020e9a07fd40,
0x0000020e9a07d6c0, 0x0000020e9a080210
}

Java Threads: ( => current thread )
=>0x0000020e87527a30 JavaThread "main" [_thread_in_vm, id=25168, stack(0x000000f389100000,0x000000f389200000)]
  0x0000020e9a045620 JavaThread "Reference Handler" daemon [_thread_blocked, id=17108, stack(0x000000f389800000,0x000000f389900000)]
  0x0000020e9a046160 JavaThread "Finalizer" daemon [_thread_blocked, id=22360, stack(0x000000f389900000,0x000000f389a00000)]
  0x0000020e9a06c490 JavaThread "Signal Dispatcher" daemon [_thread_blocked, id=14616, stack(0x000000f389a00000,0x000000f389b00000)]
  0x0000020e9a06cd50 JavaThread "Attach Listener" daemon [_thread_blocked, id=24968, stack(0x000000f389b00000,0x000000f389c00000)]
  0x0000020e9a077a30 JavaThread "Service Thread" daemon [_thread_blocked, id=9100, stack(0x000000f389c00000,0x000000f389d00000)]
  0x0000020e9a07e530 JavaThread "Monitor Deflation Thread" daemon [_thread_blocked, id=23212, stack(0x000000f389d00000,0x000000f389e00000)]
  0x0000020e9a080c00 JavaThread "C1 CompilerThread0" daemon [_thread_blocked, id=17132, stack(0x000000f389e00000,0x000000f389f00000)]
  0x0000020e9a081500 JavaThread "Sweeper thread" daemon [_thread_blocked, id=15384, stack(0x000000f389f00000,0x000000f38a000000)]
  0x0000020e9a07eed0 JavaThread "Common-Cleaner" daemon [_thread_blocked, id=24584, stack(0x000000f38a000000,0x000000f38a100000)]
  0x0000020e9a288a70 JavaThread "JDWP Transport Listener: dt_socket" daemon [_thread_blocked, id=12788, stack(0x000000f38a200000,0x000000f38a300000)]
  0x0000020e9a2a9920 JavaThread "JDWP Event Helper Thread" daemon [_thread_blocked, id=7904, stack(0x000000f38a300000,0x000000f38a400000)]
  0x0000020e9a2a9e10 JavaThread "JDWP Command Reader" daemon [_thread_in_native, id=14724, stack(0x000000f38a400000,0x000000f38a500000)]
  0x0000020e9abed3b0 JavaThread "C1 CompilerThread1" daemon [_thread_blocked, id=10420, stack(0x000000f38a100000,0x000000f38a200000)]
  0x0000020e9a07ea00 JavaThread "Notification Thread" daemon [_thread_blocked, id=16920, stack(0x000000f38a500000,0x000000f38a600000)]
  0x0000020e9a07fd40 JavaThread "RMI TCP Accept-0" daemon [_thread_in_native, id=21000, stack(0x000000f38a900000,0x000000f38aa00000)]
  0x0000020e9a07d6c0 JavaThread "RMI TCP Accept-59137" daemon [_thread_in_native, id=1388, stack(0x000000f38aa00000,0x000000f38ab00000)]
  0x0000020e9a080210 JavaThread "RMI TCP Accept-0" daemon [_thread_in_native, id=16008, stack(0x000000f38ab00000,0x000000f38ac00000)]

Other Threads:
  0x0000020e9a030860 VMThread "VM Thread" [stack: 0x000000f389700000,0x000000f389800000] [id=22720]
  0x0000020e875288f0 WatcherThread [stack: 0x000000f38ac00000,0x000000f38ad00000] [id=23860]
  0x0000020e85449f90 GCTaskThread "GC Thread#0" [stack: 0x000000f389200000,0x000000f389300000] [id=14016]
  0x0000020e9ad78d90 GCTaskThread "GC Thread#1" [stack: 0x000000f38a600000,0x000000f38a700000] [id=5076]
  0x0000020e9ad79040 GCTaskThread "GC Thread#2" [stack: 0x000000f38a700000,0x000000f38a800000] [id=24844]
  0x0000020e9ad7bac0 GCTaskThread "GC Thread#3" [stack: 0x000000f38a800000,0x000000f38a900000] [id=24032]
  0x0000020e8544eaf0 ConcurrentGCThread "G1 Main Marker" [stack: 0x000000f389300000,0x000000f389400000] [id=8768]
  0x0000020e8759eb60 ConcurrentGCThread "G1 Conc#0" [stack: 0x000000f389400000,0x000000f389500000] [id=13520]
  0x0000020e995a40e0 ConcurrentGCThread "G1 Refine#0" [stack: 0x000000f389500000,0x000000f389600000] [id=1528]
  0x0000020e995a47b0 ConcurrentGCThread "G1 Service" [stack: 0x000000f389600000,0x000000f389700000] [id=6240]

Threads with active compile tasks:

VM state: not at safepoint (normal execution)

VM Mutex/Monitor currently owned by a thread: None

Heap address: 0x0000000701c00000, size: 4068 MB, Compressed Oops mode: Zero based, Oop shift amount: 3

CDS archive(s) not mapped
Compressed class space mapped at: 0x0000000800000000-0x0000000840000000, reserved size: 1073741824
Narrow klass base: 0x0000000800000000, Narrow klass shift: 0, Narrow klass range: 0x40000000

GC Precious Log:
 CPUs: 4 total, 4 available
 Memory: 16268M
 Large Page Support: Disabled
 NUMA Support: Disabled
 Compressed Oops: Enabled (Zero based)
 Heap Region Size: 2M
 Heap Min Capacity: 8M
 Heap Initial Capacity: 256M
 Heap Max Capacity: 4068M
 Pre-touch: Disabled
 Parallel Workers: 4
 Concurrent Workers: 1
 Concurrent Refinement Workers: 4
 Periodic GC: Disabled

Heap:
 garbage-first heap   total 262144K, used 13938K [0x0000000701c00000, 0x0000000800000000)
  region size 2048K, 6 young (12288K), 1 survivors (2048K)
 Metaspace       used 14893K, committed 15040K, reserved 1064960K
  class space    used 1498K, committed 1536K, reserved 1048576K

Heap Regions: E=young(eden), S=young(survivor), O=old, HS=humongous(starts), HC=humongous(continues), CS=collection set, F=free, OA=open archive, CA=closed archive, TAMS=top-at-mark-start (previous, next)
|   0|0x0000000701c00000, 0x0000000701e00000, 0x0000000701e00000|100%| O|  |TAMS 0x0000000701c00000, 0x0000000701c00000| Untracked 
|   1|0x0000000701e00000, 0x0000000701f9c800, 0x0000000702000000| 80%| O|  |TAMS 0x0000000701e00000, 0x0000000701e00000| Untracked 
|   2|0x0000000702000000, 0x0000000702000000, 0x0000000702200000|  0%| F|  |TAMS 0x0000000702000000, 0x0000000702000000| Untracked 
|   3|0x0000000702200000, 0x0000000702200000, 0x0000000702400000|  0%| F|  |TAMS 0x0000000702200000, 0x0000000702200000| Untracked 
|   4|0x0000000702400000, 0x0000000702400000, 0x0000000702600000|  0%| F|  |TAMS 0x0000000702400000, 0x0000000702400000| Untracked 
|   5|0x0000000702600000, 0x0000000702600000, 0x0000000702800000|  0%| F|  |TAMS 0x0000000702600000, 0x0000000702600000| Untracked 
|   6|0x0000000702800000, 0x0000000702800000, 0x0000000702a00000|  0%| F|  |TAMS 0x0000000702800000, 0x0000000702800000| Untracked 
|   7|0x0000000702a00000, 0x0000000702a00000, 0x0000000702c00000|  0%| F|  |TAMS 0x0000000702a00000, 0x0000000702a00000| Untracked 
|   8|0x0000000702c00000, 0x0000000702c00000, 0x0000000702e00000|  0%| F|  |TAMS 0x0000000702c00000, 0x0000000702c00000| Untracked 
|   9|0x0000000702e00000, 0x0000000702e00000, 0x0000000703000000|  0%| F|  |TAMS 0x0000000702e00000, 0x0000000702e00000| Untracked 
|  10|0x0000000703000000, 0x0000000703000000, 0x0000000703200000|  0%| F|  |TAMS 0x0000000703000000, 0x0000000703000000| Untracked 
|  11|0x0000000703200000, 0x0000000703200000, 0x0000000703400000|  0%| F|  |TAMS 0x0000000703200000, 0x0000000703200000| Untracked 
|  12|0x0000000703400000, 0x0000000703400000, 0x0000000703600000|  0%| F|  |TAMS 0x0000000703400000, 0x0000000703400000| Untracked 
|  13|0x0000000703600000, 0x0000000703600000, 0x0000000703800000|  0%| F|  |TAMS 0x0000000703600000, 0x0000000703600000| Untracked 
|  14|0x0000000703800000, 0x0000000703800000, 0x0000000703a00000|  0%| F|  |TAMS 0x0000000703800000, 0x0000000703800000| Untracked 
|  15|0x0000000703a00000, 0x0000000703a00000, 0x0000000703c00000|  0%| F|  |TAMS 0x0000000703a00000, 0x0000000703a00000| Untracked 
|  16|0x0000000703c00000, 0x0000000703c00000, 0x0000000703e00000|  0%| F|  |TAMS 0x0000000703c00000, 0x0000000703c00000| Untracked 
|  17|0x0000000703e00000, 0x0000000703e00000, 0x0000000704000000|  0%| F|  |TAMS 0x0000000703e00000, 0x0000000703e00000| Untracked 
|  18|0x0000000704000000, 0x0000000704000000, 0x0000000704200000|  0%| F|  |TAMS 0x0000000704000000, 0x0000000704000000| Untracked 
|  19|0x0000000704200000, 0x0000000704200000, 0x0000000704400000|  0%| F|  |TAMS 0x0000000704200000, 0x0000000704200000| Untracked 
|  20|0x0000000704400000, 0x0000000704400000, 0x0000000704600000|  0%| F|  |TAMS 0x0000000704400000, 0x0000000704400000| Untracked 
|  21|0x0000000704600000, 0x0000000704600000, 0x0000000704800000|  0%| F|  |TAMS 0x0000000704600000, 0x0000000704600000| Untracked 
|  22|0x0000000704800000, 0x0000000704800000, 0x0000000704a00000|  0%| F|  |TAMS 0x0000000704800000, 0x0000000704800000| Untracked 
|  23|0x0000000704a00000, 0x0000000704a00000, 0x0000000704c00000|  0%| F|  |TAMS 0x0000000704a00000, 0x0000000704a00000| Untracked 
|  24|0x0000000704c00000, 0x0000000704c00000, 0x0000000704e00000|  0%| F|  |TAMS 0x0000000704c00000, 0x0000000704c00000| Untracked 
|  25|0x0000000704e00000, 0x0000000704e00000, 0x0000000705000000|  0%| F|  |TAMS 0x0000000704e00000, 0x0000000704e00000| Untracked 
|  26|0x0000000705000000, 0x0000000705000000, 0x0000000705200000|  0%| F|  |TAMS 0x0000000705000000, 0x0000000705000000| Untracked 
|  27|0x0000000705200000, 0x0000000705200000, 0x0000000705400000|  0%| F|  |TAMS 0x0000000705200000, 0x0000000705200000| Untracked 
|  28|0x0000000705400000, 0x0000000705400000, 0x0000000705600000|  0%| F|  |TAMS 0x0000000705400000, 0x0000000705400000| Untracked 
|  29|0x0000000705600000, 0x0000000705600000, 0x0000000705800000|  0%| F|  |TAMS 0x0000000705600000, 0x0000000705600000| Untracked 
|  30|0x0000000705800000, 0x0000000705800000, 0x0000000705a00000|  0%| F|  |TAMS 0x0000000705800000, 0x0000000705800000| Untracked 
|  31|0x0000000705a00000, 0x0000000705a00000, 0x0000000705c00000|  0%| F|  |TAMS 0x0000000705a00000, 0x0000000705a00000| Untracked 
|  32|0x0000000705c00000, 0x0000000705c00000, 0x0000000705e00000|  0%| F|  |TAMS 0x0000000705c00000, 0x0000000705c00000| Untracked 
|  33|0x0000000705e00000, 0x0000000705e00000, 0x0000000706000000|  0%| F|  |TAMS 0x0000000705e00000, 0x0000000705e00000| Untracked 
|  34|0x0000000706000000, 0x0000000706000000, 0x0000000706200000|  0%| F|  |TAMS 0x0000000706000000, 0x0000000706000000| Untracked 
|  35|0x0000000706200000, 0x0000000706200000, 0x0000000706400000|  0%| F|  |TAMS 0x0000000706200000, 0x0000000706200000| Untracked 
|  36|0x0000000706400000, 0x0000000706400000, 0x0000000706600000|  0%| F|  |TAMS 0x0000000706400000, 0x0000000706400000| Untracked 
|  37|0x0000000706600000, 0x0000000706600000, 0x0000000706800000|  0%| F|  |TAMS 0x0000000706600000, 0x0000000706600000| Untracked 
|  38|0x0000000706800000, 0x0000000706800000, 0x0000000706a00000|  0%| F|  |TAMS 0x0000000706800000, 0x0000000706800000| Untracked 
|  39|0x0000000706a00000, 0x0000000706a00000, 0x0000000706c00000|  0%| F|  |TAMS 0x0000000706a00000, 0x0000000706a00000| Untracked 
|  40|0x0000000706c00000, 0x0000000706c00000, 0x0000000706e00000|  0%| F|  |TAMS 0x0000000706c00000, 0x0000000706c00000| Untracked 
|  41|0x0000000706e00000, 0x0000000706e00000, 0x0000000707000000|  0%| F|  |TAMS 0x0000000706e00000, 0x0000000706e00000| Untracked 
|  42|0x0000000707000000, 0x0000000707000000, 0x0000000707200000|  0%| F|  |TAMS 0x0000000707000000, 0x0000000707000000| Untracked 
|  43|0x0000000707200000, 0x0000000707200000, 0x0000000707400000|  0%| F|  |TAMS 0x0000000707200000, 0x0000000707200000| Untracked 
|  44|0x0000000707400000, 0x0000000707400000, 0x0000000707600000|  0%| F|  |TAMS 0x0000000707400000, 0x0000000707400000| Untracked 
|  45|0x0000000707600000, 0x0000000707600000, 0x0000000707800000|  0%| F|  |TAMS 0x0000000707600000, 0x0000000707600000| Untracked 
|  46|0x0000000707800000, 0x0000000707800000, 0x0000000707a00000|  0%| F|  |TAMS 0x0000000707800000, 0x0000000707800000| Untracked 
|  47|0x0000000707a00000, 0x0000000707a00000, 0x0000000707c00000|  0%| F|  |TAMS 0x0000000707a00000, 0x0000000707a00000| Untracked 
|  48|0x0000000707c00000, 0x0000000707c00000, 0x0000000707e00000|  0%| F|  |TAMS 0x0000000707c00000, 0x0000000707c00000| Untracked 
|  49|0x0000000707e00000, 0x0000000707e00000, 0x0000000708000000|  0%| F|  |TAMS 0x0000000707e00000, 0x0000000707e00000| Untracked 
|  50|0x0000000708000000, 0x0000000708000000, 0x0000000708200000|  0%| F|  |TAMS 0x0000000708000000, 0x0000000708000000| Untracked 
|  51|0x0000000708200000, 0x0000000708200000, 0x0000000708400000|  0%| F|  |TAMS 0x0000000708200000, 0x0000000708200000| Untracked 
|  52|0x0000000708400000, 0x0000000708400000, 0x0000000708600000|  0%| F|  |TAMS 0x0000000708400000, 0x0000000708400000| Untracked 
|  53|0x0000000708600000, 0x0000000708600000, 0x0000000708800000|  0%| F|  |TAMS 0x0000000708600000, 0x0000000708600000| Untracked 
|  54|0x0000000708800000, 0x0000000708800000, 0x0000000708a00000|  0%| F|  |TAMS 0x0000000708800000, 0x0000000708800000| Untracked 
|  55|0x0000000708a00000, 0x0000000708a00000, 0x0000000708c00000|  0%| F|  |TAMS 0x0000000708a00000, 0x0000000708a00000| Untracked 
|  56|0x0000000708c00000, 0x0000000708c00000, 0x0000000708e00000|  0%| F|  |TAMS 0x0000000708c00000, 0x0000000708c00000| Untracked 
|  57|0x0000000708e00000, 0x0000000708e00000, 0x0000000709000000|  0%| F|  |TAMS 0x0000000708e00000, 0x0000000708e00000| Untracked 
|  58|0x0000000709000000, 0x0000000709000000, 0x0000000709200000|  0%| F|  |TAMS 0x0000000709000000, 0x0000000709000000| Untracked 
|  59|0x0000000709200000, 0x0000000709200000, 0x0000000709400000|  0%| F|  |TAMS 0x0000000709200000, 0x0000000709200000| Untracked 
|  60|0x0000000709400000, 0x0000000709400000, 0x0000000709600000|  0%| F|  |TAMS 0x0000000709400000, 0x0000000709400000| Untracked 
|  61|0x0000000709600000, 0x0000000709600000, 0x0000000709800000|  0%| F|  |TAMS 0x0000000709600000, 0x0000000709600000| Untracked 
|  62|0x0000000709800000, 0x0000000709800000, 0x0000000709a00000|  0%| F|  |TAMS 0x0000000709800000, 0x0000000709800000| Untracked 
|  63|0x0000000709a00000, 0x0000000709a00000, 0x0000000709c00000|  0%| F|  |TAMS 0x0000000709a00000, 0x0000000709a00000| Untracked 
|  64|0x0000000709c00000, 0x0000000709c00000, 0x0000000709e00000|  0%| F|  |TAMS 0x0000000709c00000, 0x0000000709c00000| Untracked 
|  65|0x0000000709e00000, 0x0000000709e00000, 0x000000070a000000|  0%| F|  |TAMS 0x0000000709e00000, 0x0000000709e00000| Untracked 
|  66|0x000000070a000000, 0x000000070a000000, 0x000000070a200000|  0%| F|  |TAMS 0x000000070a000000, 0x000000070a000000| Untracked 
|  67|0x000000070a200000, 0x000000070a200000, 0x000000070a400000|  0%| F|  |TAMS 0x000000070a200000, 0x000000070a200000| Untracked 
|  68|0x000000070a400000, 0x000000070a400000, 0x000000070a600000|  0%| F|  |TAMS 0x000000070a400000, 0x000000070a400000| Untracked 
|  69|0x000000070a600000, 0x000000070a600000, 0x000000070a800000|  0%| F|  |TAMS 0x000000070a600000, 0x000000070a600000| Untracked 
|  70|0x000000070a800000, 0x000000070a800000, 0x000000070aa00000|  0%| F|  |TAMS 0x000000070a800000, 0x000000070a800000| Untracked 
|  71|0x000000070aa00000, 0x000000070aa00000, 0x000000070ac00000|  0%| F|  |TAMS 0x000000070aa00000, 0x000000070aa00000| Untracked 
|  72|0x000000070ac00000, 0x000000070ac00000, 0x000000070ae00000|  0%| F|  |TAMS 0x000000070ac00000, 0x000000070ac00000| Untracked 
|  73|0x000000070ae00000, 0x000000070ae00000, 0x000000070b000000|  0%| F|  |TAMS 0x000000070ae00000, 0x000000070ae00000| Untracked 
|  74|0x000000070b000000, 0x000000070b000000, 0x000000070b200000|  0%| F|  |TAMS 0x000000070b000000, 0x000000070b000000| Untracked 
|  75|0x000000070b200000, 0x000000070b200000, 0x000000070b400000|  0%| F|  |TAMS 0x000000070b200000, 0x000000070b200000| Untracked 
|  76|0x000000070b400000, 0x000000070b400000, 0x000000070b600000|  0%| F|  |TAMS 0x000000070b400000, 0x000000070b400000| Untracked 
|  77|0x000000070b600000, 0x000000070b600000, 0x000000070b800000|  0%| F|  |TAMS 0x000000070b600000, 0x000000070b600000| Untracked 
|  78|0x000000070b800000, 0x000000070b800000, 0x000000070ba00000|  0%| F|  |TAMS 0x000000070b800000, 0x000000070b800000| Untracked 
|  79|0x000000070ba00000, 0x000000070ba00000, 0x000000070bc00000|  0%| F|  |TAMS 0x000000070ba00000, 0x000000070ba00000| Untracked 
|  80|0x000000070bc00000, 0x000000070bc00000, 0x000000070be00000|  0%| F|  |TAMS 0x000000070bc00000, 0x000000070bc00000| Untracked 
|  81|0x000000070be00000, 0x000000070be00000, 0x000000070c000000|  0%| F|  |TAMS 0x000000070be00000, 0x000000070be00000| Untracked 
|  82|0x000000070c000000, 0x000000070c000000, 0x000000070c200000|  0%| F|  |TAMS 0x000000070c000000, 0x000000070c000000| Untracked 
|  83|0x000000070c200000, 0x000000070c200000, 0x000000070c400000|  0%| F|  |TAMS 0x000000070c200000, 0x000000070c200000| Untracked 
|  84|0x000000070c400000, 0x000000070c400000, 0x000000070c600000|  0%| F|  |TAMS 0x000000070c400000, 0x000000070c400000| Untracked 
|  85|0x000000070c600000, 0x000000070c600000, 0x000000070c800000|  0%| F|  |TAMS 0x000000070c600000, 0x000000070c600000| Untracked 
|  86|0x000000070c800000, 0x000000070c800000, 0x000000070ca00000|  0%| F|  |TAMS 0x000000070c800000, 0x000000070c800000| Untracked 
|  87|0x000000070ca00000, 0x000000070ca00000, 0x000000070cc00000|  0%| F|  |TAMS 0x000000070ca00000, 0x000000070ca00000| Untracked 
|  88|0x000000070cc00000, 0x000000070cc00000, 0x000000070ce00000|  0%| F|  |TAMS 0x000000070cc00000, 0x000000070cc00000| Untracked 
|  89|0x000000070ce00000, 0x000000070ce00000, 0x000000070d000000|  0%| F|  |TAMS 0x000000070ce00000, 0x000000070ce00000| Untracked 
|  90|0x000000070d000000, 0x000000070d000000, 0x000000070d200000|  0%| F|  |TAMS 0x000000070d000000, 0x000000070d000000| Untracked 
|  91|0x000000070d200000, 0x000000070d200000, 0x000000070d400000|  0%| F|  |TAMS 0x000000070d200000, 0x000000070d200000| Untracked 
|  92|0x000000070d400000, 0x000000070d400000, 0x000000070d600000|  0%| F|  |TAMS 0x000000070d400000, 0x000000070d400000| Untracked 
|  93|0x000000070d600000, 0x000000070d600000, 0x000000070d800000|  0%| F|  |TAMS 0x000000070d600000, 0x000000070d600000| Untracked 
|  94|0x000000070d800000, 0x000000070d800000, 0x000000070da00000|  0%| F|  |TAMS 0x000000070d800000, 0x000000070d800000| Untracked 
|  95|0x000000070da00000, 0x000000070da00000, 0x000000070dc00000|  0%| F|  |TAMS 0x000000070da00000, 0x000000070da00000| Untracked 
|  96|0x000000070dc00000, 0x000000070dc00000, 0x000000070de00000|  0%| F|  |TAMS 0x000000070dc00000, 0x000000070dc00000| Untracked 
|  97|0x000000070de00000, 0x000000070de00000, 0x000000070e000000|  0%| F|  |TAMS 0x000000070de00000, 0x000000070de00000| Untracked 
|  98|0x000000070e000000, 0x000000070e000000, 0x000000070e200000|  0%| F|  |TAMS 0x000000070e000000, 0x000000070e000000| Untracked 
|  99|0x000000070e200000, 0x000000070e200000, 0x000000070e400000|  0%| F|  |TAMS 0x000000070e200000, 0x000000070e200000| Untracked 
| 100|0x000000070e400000, 0x000000070e400000, 0x000000070e600000|  0%| F|  |TAMS 0x000000070e400000, 0x000000070e400000| Untracked 
| 101|0x000000070e600000, 0x000000070e600000, 0x000000070e800000|  0%| F|  |TAMS 0x000000070e600000, 0x000000070e600000| Untracked 
| 102|0x000000070e800000, 0x000000070e800000, 0x000000070ea00000|  0%| F|  |TAMS 0x000000070e800000, 0x000000070e800000| Untracked 
| 103|0x000000070ea00000, 0x000000070ea00000, 0x000000070ec00000|  0%| F|  |TAMS 0x000000070ea00000, 0x000000070ea00000| Untracked 
| 104|0x000000070ec00000, 0x000000070ec00000, 0x000000070ee00000|  0%| F|  |TAMS 0x000000070ec00000, 0x000000070ec00000| Untracked 
| 105|0x000000070ee00000, 0x000000070ee00000, 0x000000070f000000|  0%| F|  |TAMS 0x000000070ee00000, 0x000000070ee00000| Untracked 
| 106|0x000000070f000000, 0x000000070f000000, 0x000000070f200000|  0%| F|  |TAMS 0x000000070f000000, 0x000000070f000000| Untracked 
| 107|0x000000070f200000, 0x000000070f200000, 0x000000070f400000|  0%| F|  |TAMS 0x000000070f200000, 0x000000070f200000| Untracked 
| 108|0x000000070f400000, 0x000000070f400000, 0x000000070f600000|  0%| F|  |TAMS 0x000000070f400000, 0x000000070f400000| Untracked 
| 109|0x000000070f600000, 0x000000070f600000, 0x000000070f800000|  0%| F|  |TAMS 0x000000070f600000, 0x000000070f600000| Untracked 
| 110|0x000000070f800000, 0x000000070f800000, 0x000000070fa00000|  0%| F|  |TAMS 0x000000070f800000, 0x000000070f800000| Untracked 
| 111|0x000000070fa00000, 0x000000070fa00000, 0x000000070fc00000|  0%| F|  |TAMS 0x000000070fa00000, 0x000000070fa00000| Untracked 
| 112|0x000000070fc00000, 0x000000070fc00000, 0x000000070fe00000|  0%| F|  |TAMS 0x000000070fc00000, 0x000000070fc00000| Untracked 
| 113|0x000000070fe00000, 0x000000070fe00000, 0x0000000710000000|  0%| F|  |TAMS 0x000000070fe00000, 0x000000070fe00000| Untracked 
| 114|0x0000000710000000, 0x0000000710000000, 0x0000000710200000|  0%| F|  |TAMS 0x0000000710000000, 0x0000000710000000| Untracked 
| 115|0x0000000710200000, 0x0000000710200000, 0x0000000710400000|  0%| F|  |TAMS 0x0000000710200000, 0x0000000710200000| Untracked 
| 116|0x0000000710400000, 0x0000000710400000, 0x0000000710600000|  0%| F|  |TAMS 0x0000000710400000, 0x0000000710400000| Untracked 
| 117|0x0000000710600000, 0x0000000710600000, 0x0000000710800000|  0%| F|  |TAMS 0x0000000710600000, 0x0000000710600000| Untracked 
| 118|0x0000000710800000, 0x0000000710800000, 0x0000000710a00000|  0%| F|  |TAMS 0x0000000710800000, 0x0000000710800000| Untracked 
| 119|0x0000000710a00000, 0x0000000710a00000, 0x0000000710c00000|  0%| F|  |TAMS 0x0000000710a00000, 0x0000000710a00000| Untracked 
| 120|0x0000000710c00000, 0x0000000710c00000, 0x0000000710e00000|  0%| F|  |TAMS 0x0000000710c00000, 0x0000000710c00000| Untracked 
| 121|0x0000000710e00000, 0x0000000711000000, 0x0000000711000000|100%| S|CS|TAMS 0x0000000710e00000, 0x0000000710e00000| Complete 
| 122|0x0000000711000000, 0x0000000711000000, 0x0000000711200000|  0%| F|  |TAMS 0x0000000711000000, 0x0000000711000000| Untracked 
| 123|0x0000000711200000, 0x0000000711400000, 0x0000000711400000|100%| E|  |TAMS 0x0000000711200000, 0x0000000711200000| Complete 
| 124|0x0000000711400000, 0x0000000711600000, 0x0000000711600000|100%| E|CS|TAMS 0x0000000711400000, 0x0000000711400000| Complete 
| 125|0x0000000711600000, 0x0000000711800000, 0x0000000711800000|100%| E|CS|TAMS 0x0000000711600000, 0x0000000711600000| Complete 
| 126|0x0000000711800000, 0x0000000711a00000, 0x0000000711a00000|100%| E|CS|TAMS 0x0000000711800000, 0x0000000711800000| Complete 
| 127|0x0000000711a00000, 0x0000000711c00000, 0x0000000711c00000|100%| E|CS|TAMS 0x0000000711a00000, 0x0000000711a00000| Complete 

Card table byte_map: [0x0000020e8e3e0000,0x0000020e8ebe0000] _byte_map_base: 0x0000020e8abd2000

Marking Bits (Prev, Next): (CMBitMap*) 0x0000020e8544a250, (CMBitMap*) 0x0000020e8544a290
 Prev Bits: [0x0000020e8f3e0000, 0x0000020e93370000)
 Next Bits: [0x0000020e93370000, 0x0000020e97300000)

Polling page: 0x0000020e86cf0000

Metaspace:

Usage:
  Non-class:     13.08 MB used.
      Class:      1.46 MB used.
       Both:     14.54 MB used.

Virtual space:
  Non-class space:       16.00 MB reserved,      13.19 MB ( 82%) committed,  2 nodes.
      Class space:        1.00 GB reserved,       1.50 MB ( <1%) committed,  1 nodes.
             Both:        1.02 GB reserved,      14.69 MB (  1%) committed. 

Chunk freelists:
   Non-Class:  2.47 MB
       Class:  2.50 MB
        Both:  4.97 MB

MaxMetaspaceSize: unlimited
CompressedClassSpaceSize: 1.00 GB
Initial GC threshold: 21.00 MB
Current GC threshold: 21.00 MB
CDS: off
MetaspaceReclaimPolicy: balanced
 - commit_granule_bytes: 65536.
 - commit_granule_words: 8192.
 - virtual_space_node_default_size: 1048576.
 - enlarge_chunks_in_place: 1.
 - new_chunks_are_fully_committed: 0.
 - uncommit_free_chunks: 1.
 - use_allocation_guard: 0.
 - handle_deallocations: 1.


Internal statistics:

num_allocs_failed_limit: 0.
num_arena_births: 98.
num_arena_deaths: 0.
num_vsnodes_births: 3.
num_vsnodes_deaths: 0.
num_space_committed: 235.
num_space_uncommitted: 0.
num_chunks_returned_to_freelist: 0.
num_chunks_taken_from_freelist: 184.
num_chunk_merges: 0.
num_chunk_splits: 101.
num_chunks_enlarged: 57.
num_purges: 0.
num_inconsistent_stats: 0.

CodeCache: size=49152Kb used=3447Kb max_used=3447Kb free=45704Kb
 bounds [0x0000020e8abe0000, 0x0000020e8af40000, 0x0000020e8dbe0000]
 total_blobs=1568 nmethods=1125 adapters=370
 compilation: enabled
              stopped_count=0, restarted_count=0
 full_count=0

Compilation events (20 events):
Event: 2.246 Thread 0x0000020e9a080c00 1114       1       java.io.StreamTokenizer::read (38 bytes)
Event: 2.246 Thread 0x0000020e9abed3b0 nmethod 1113 0x0000020e8af2d690 code [0x0000020e8af2d840, 0x0000020e8af2d9c8]
Event: 2.246 Thread 0x0000020e9a080c00 nmethod 1114 0x0000020e8af2da90 code [0x0000020e8af2dc60, 0x0000020e8af2de68]
Event: 2.246 Thread 0x0000020e9abed3b0 1115   !   1       java.io.BufferedReader::read (104 bytes)
Event: 2.247 Thread 0x0000020e9abed3b0 nmethod 1115 0x0000020e8af2df90 code [0x0000020e8af2e160, 0x0000020e8af2e518]
Event: 2.248 Thread 0x0000020e9abed3b0 1116       1       java.io.StreamTokenizer::nextToken (1266 bytes)
Event: 2.249 Thread 0x0000020e9a080c00 1117       1       sun.security.provider.PolicyParser::peek (182 bytes)
Event: 2.249 Thread 0x0000020e9a080c00 nmethod 1117 0x0000020e8af2e810 code [0x0000020e8af2ea00, 0x0000020e8af2ed48]
Event: 2.249 Thread 0x0000020e9a080c00 1118       1       sun.security.provider.PolicyParser::match (778 bytes)
Event: 2.252 Thread 0x0000020e9a080c00 nmethod 1118 0x0000020e8af2ef90 code [0x0000020e8af2f520, 0x0000020e8af30cc8]
Event: 2.252 Thread 0x0000020e9a080c00 1119       1       java.lang.String::copyValueOf (11 bytes)
Event: 2.253 Thread 0x0000020e9a080c00 nmethod 1119 0x0000020e8af31d10 code [0x0000020e8af31ec0, 0x0000020e8af32058]
Event: 2.253 Thread 0x0000020e9a080c00 1120       1       jdk.internal.loader.NativeLibraries$NativeLibraryImpl::find (6 bytes)
Event: 2.253 Thread 0x0000020e9a080c00 nmethod 1120 0x0000020e8af34f90 code [0x0000020e8af35120, 0x0000020e8af35208]
Event: 2.254 Thread 0x0000020e9abed3b0 nmethod 1116 0x0000020e8af32590 code [0x0000020e8af329e0, 0x0000020e8af34308]
Event: 2.257 Thread 0x0000020e9a080c00 1123       1       java.net.URLStreamHandler::parseURL (1201 bytes)
Event: 2.257 Thread 0x0000020e9abed3b0 1124       1       java.lang.String::toCharArray (25 bytes)
Event: 2.258 Thread 0x0000020e9abed3b0 nmethod 1124 0x0000020e8af35790 code [0x0000020e8af35940, 0x0000020e8af35c38]
Event: 2.258 Thread 0x0000020e9abed3b0 1125       1       java.lang.Class::forName (47 bytes)
Event: 2.259 Thread 0x0000020e9abed3b0 nmethod 1125 0x0000020e8af35d90 code [0x0000020e8af35f40, 0x0000020e8af36128]

GC Heap History (2 events):
Event: 1.735 GC heap before
{Heap before GC invocations=0 (full 0):
 garbage-first heap   total 262144K, used 10240K [0x0000000701c00000, 0x0000000800000000)
  region size 2048K, 6 young (12288K), 0 survivors (0K)
 Metaspace       used 11172K, committed 11328K, reserved 1064960K
  class space    used 1079K, committed 1152K, reserved 1048576K
}
Event: 1.744 GC heap after
{Heap after GC invocations=1 (full 0):
 garbage-first heap   total 262144K, used 5746K [0x0000000701c00000, 0x0000000800000000)
  region size 2048K, 1 young (2048K), 1 survivors (2048K)
 Metaspace       used 11172K, committed 11328K, reserved 1064960K
  class space    used 1079K, committed 1152K, reserved 1048576K
}

Deoptimization events (0 events):
No events

Classes unloaded (0 events):
No events

Classes redefined (0 events):
No events

Internal exceptions (12 events):
Event: 1.549 Thread 0x0000020e87527a30 Exception <a 'java/lang/NoSuchMethodError'{0x000000071131e988}: 'java.lang.Object java.lang.invoke.DirectMethodHandle$Holder.invokeStaticInit(java.lang.Object)'> (0x000000071131e988) 
thrown [s\src\hotspot\share\interpreter\linkResolver.cpp, line 759]
Event: 1.576 Thread 0x0000020e87527a30 Exception <a 'java/lang/NoSuchMethodError'{0x00000007113aa218}: 'int java.lang.invoke.DirectMethodHandle$Holder.invokeInterface(java.lang.Object, java.lang.Object)'> (0x00000007113aa218) 
thrown [s\src\hotspot\share\interpreter\linkResolver.cpp, line 759]
Event: 1.576 Thread 0x0000020e87527a30 Exception <a 'java/lang/IncompatibleClassChangeError'{0x00000007113ad818}: Found class java.lang.Object, but interface was expected> (0x00000007113ad818) 
thrown [s\src\hotspot\share\interpreter\linkResolver.cpp, line 826]
Event: 1.577 Thread 0x0000020e87527a30 Exception <a 'java/lang/NoSuchMethodError'{0x00000007113b3af0}: 'void java.lang.invoke.DirectMethodHandle$Holder.invokeStatic(java.lang.Object, java.lang.Object)'> (0x00000007113b3af0) 
thrown [s\src\hotspot\share\interpreter\linkResolver.cpp, line 759]
Event: 1.671 Thread 0x0000020e87527a30 Exception <a 'java/lang/NoSuchMethodError'{0x000000071112f348}: 'int java.lang.invoke.DirectMethodHandle$Holder.invokeSpecial(java.lang.Object, java.lang.Object, java.lang.Object)'> (0x000000071112f348) 
thrown [s\src\hotspot\share\interpreter\linkResolver.cpp, line 759]
Event: 1.784 Thread 0x0000020e87527a30 Exception <a 'java/lang/NoSuchMethodError'{0x0000000711ad7b80}: 'void java.lang.invoke.DirectMethodHandle$Holder.invokeStatic(java.lang.Object, java.lang.Object, java.lang.Object)'> (0x0000000711ad7b80) 
thrown [s\src\hotspot\share\interpreter\linkResolver.cpp, line 759]
Event: 1.820 Thread 0x0000020e87527a30 Exception <a 'java/lang/NoSuchMethodError'{0x0000000711b96350}: 'int java.lang.invoke.DirectMethodHandle$Holder.invokeSpecialIFC(java.lang.Object, java.lang.Object, java.lang.Object)'> (0x0000000711b96350) 
thrown [s\src\hotspot\share\interpreter\linkResolver.cpp, line 759]
Event: 1.844 Thread 0x0000020e87527a30 Exception <a 'java/lang/NoSuchMethodError'{0x000000071180a9e8}: 'java.lang.Object java.lang.invoke.DirectMethodHandle$Holder.invokeStaticInit(java.lang.Object, int, int, int, int)'> (0x000000071180a9e8) 
thrown [s\src\hotspot\share\interpreter\linkResolver.cpp, line 759]
Event: 1.949 Thread 0x0000020e87527a30 Exception <a 'java/lang/NoSuchMethodError'{0x00000007118de688}: 'java.lang.Object java.lang.invoke.DirectMethodHandle$Holder.invokeStaticInit(java.lang.Object, java.lang.Object, int, int, int, int)'> (0x00000007118de688) 
thrown [s\src\hotspot\share\interpreter\linkResolver.cpp, line 759]
Event: 1.962 Thread 0x0000020e87527a30 Exception <a 'java/lang/ClassNotFoundException'{0x0000000711916818}: javax/management/remote/rmi/RMIServerImpl_Skel> (0x0000000711916818) 
thrown [s\src\hotspot\share\classfile\systemDictionary.cpp, line 256]
Event: 2.087 Thread 0x0000020e87527a30 Exception <a 'java/lang/ClassNotFoundException'{0x00000007117b1a58}: jdk/internal/agent/resources/spi/agentProvider> (0x00000007117b1a58) 
thrown [s\src\hotspot\share\classfile\systemDictionary.cpp, line 256]
Event: 2.256 Thread 0x0000020e87527a30 Exception <a 'java/lang/ClassNotFoundException'{0x00000007113e7c58}: javax/smartcardio/CardPermission> (0x00000007113e7c58) 
thrown [s\src\hotspot\share\classfile\systemDictionary.cpp, line 256]

VM Operations (14 events):
Event: 0.505 Executing VM operation: HandshakeAllThreads
Event: 0.505 Executing VM operation: HandshakeAllThreads done
Event: 0.631 Executing VM operation: ChangeBreakpoints
Event: 0.631 Executing VM operation: ChangeBreakpoints done
Event: 1.057 Executing VM operation: ChangeBreakpoints
Event: 1.057 Executing VM operation: ChangeBreakpoints done
Event: 1.584 Executing VM operation: HandshakeAllThreads
Event: 1.584 Executing VM operation: HandshakeAllThreads done
Event: 1.735 Executing VM operation: G1CollectForAllocation
Event: 1.744 Executing VM operation: G1CollectForAllocation done
Event: 1.804 Executing VM operation: HandshakeAllThreads
Event: 1.804 Executing VM operation: HandshakeAllThreads done
Event: 1.830 Executing VM operation: HandshakeAllThreads
Event: 1.831 Executing VM operation: HandshakeAllThreads done

Events (20 events):
Event: 2.246 loading class sun/security/provider/PolicyParser$GrantEntry
Event: 2.247 loading class sun/security/provider/PolicyParser$GrantEntry done
Event: 2.247 loading class sun/security/provider/PolicyParser$PermissionEntry
Event: 2.247 loading class sun/security/provider/PolicyParser$PermissionEntry done
Event: 2.247 loading class sun/security/util/PropertyExpander
Event: 2.247 loading class sun/security/util/PropertyExpander done
Event: 2.254 loading class java/util/Vector$1
Event: 2.254 loading class java/util/Vector$1 done
Event: 2.254 loading class sun/security/provider/PolicyFile$PolicyEntry
Event: 2.254 loading class sun/security/provider/PolicyFile$PolicyEntry done
Event: 2.254 loading class java/net/URLPermission
Event: 2.255 loading class java/net/URLPermission done
Event: 2.255 loading class java/net/URLPermission$Authority
Event: 2.255 loading class java/net/URLPermission$Authority done
Event: 2.255 loading class java/net/HostPortrange
Event: 2.255 loading class java/net/HostPortrange done
Event: 2.258 loading class sun/security/provider/PolicyFile$4
Event: 2.258 loading class sun/security/provider/PolicyFile$4 done
Event: 2.259 loading class sun/security/util/PolicyUtil
Event: 2.260 loading class sun/security/util/PolicyUtil done


Dynamic libraries:
0x00007ff6e0950000 - 0x00007ff6e095e000 	D:\sts-4.16.0.RELEASE\plugins\org.eclipse.justj.openjdk.hotspot.jre.full.win32.x86_64_17.0.4.v20220903-1038\jre\bin\javaw.exe
0x00007ffa40750000 - 0x00007ffa40948000 	C:\Windows\SYSTEM32\ntdll.dll
0x00007ffa3ee90000 - 0x00007ffa3ef4f000 	C:\Windows\System32\KERNEL32.DLL
0x00007ffa3e4c0000 - 0x00007ffa3e792000 	C:\Windows\System32\KERNELBASE.dll
0x00007ffa3e070000 - 0x00007ffa3e170000 	C:\Windows\System32\ucrtbase.dll
0x00007ffa3a370000 - 0x00007ffa3a388000 	D:\sts-4.16.0.RELEASE\plugins\org.eclipse.justj.openjdk.hotspot.jre.full.win32.x86_64_17.0.4.v20220903-1038\jre\bin\jli.dll
0x00007ffa368a0000 - 0x00007ffa368b9000 	D:\sts-4.16.0.RELEASE\plugins\org.eclipse.justj.openjdk.hotspot.jre.full.win32.x86_64_17.0.4.v20220903-1038\jre\bin\VCRUNTIME140.dll
0x00007ffa3ebb0000 - 0x00007ffa3ed4d000 	C:\Windows\System32\USER32.dll
0x00007ffa3e220000 - 0x00007ffa3e242000 	C:\Windows\System32\win32u.dll
0x00007ffa2d8a0000 - 0x00007ffa2db3a000 	C:\Windows\WinSxS\amd64_microsoft.windows.common-controls_6595b64144ccf1df_6.0.19041.1110_none_60b5254171f9507e\COMCTL32.dll
0x00007ffa3e930000 - 0x00007ffa3e95b000 	C:\Windows\System32\GDI32.dll
0x00007ffa3e250000 - 0x00007ffa3e35f000 	C:\Windows\System32\gdi32full.dll
0x00007ffa3eb10000 - 0x00007ffa3ebae000 	C:\Windows\System32\msvcrt.dll
0x00007ffa3dfa0000 - 0x00007ffa3e03d000 	C:\Windows\System32\msvcp_win.dll
0x00007ffa3f210000 - 0x00007ffa3f242000 	C:\Windows\System32\IMM32.DLL
0x00007ffa367c0000 - 0x00007ffa367cc000 	D:\sts-4.16.0.RELEASE\plugins\org.eclipse.justj.openjdk.hotspot.jre.full.win32.x86_64_17.0.4.v20220903-1038\jre\bin\vcruntime140_1.dll
0x00007ffa10e50000 - 0x00007ffa10ee1000 	D:\sts-4.16.0.RELEASE\plugins\org.eclipse.justj.openjdk.hotspot.jre.full.win32.x86_64_17.0.4.v20220903-1038\jre\bin\msvcp140.dll
0x00007ffa0a410000 - 0x00007ffa0b056000 	D:\sts-4.16.0.RELEASE\plugins\org.eclipse.justj.openjdk.hotspot.jre.full.win32.x86_64_17.0.4.v20220903-1038\jre\bin\server\jvm.dll
0x00007ffa3e7a0000 - 0x00007ffa3e84e000 	C:\Windows\System32\ADVAPI32.dll
0x00007ffa400f0000 - 0x00007ffa4018c000 	C:\Windows\System32\sechost.dll
0x00007ffa3f070000 - 0x00007ffa3f195000 	C:\Windows\System32\RPCRT4.dll
0x00007ffa3fa10000 - 0x00007ffa3fa18000 	C:\Windows\System32\PSAPI.DLL
0x00007ffa2d060000 - 0x00007ffa2d087000 	C:\Windows\SYSTEM32\WINMM.dll
0x00007ffa36510000 - 0x00007ffa3651a000 	C:\Windows\SYSTEM32\VERSION.dll
0x00007ffa27f80000 - 0x00007ffa27f89000 	C:\Windows\SYSTEM32\WSOCK32.dll
0x00007ffa3f250000 - 0x00007ffa3f2bb000 	C:\Windows\System32\WS2_32.dll
0x00007ffa3c690000 - 0x00007ffa3c6a2000 	C:\Windows\SYSTEM32\kernel.appcore.dll
0x00007ffa3b240000 - 0x00007ffa3b24a000 	D:\sts-4.16.0.RELEASE\plugins\org.eclipse.justj.openjdk.hotspot.jre.full.win32.x86_64_17.0.4.v20220903-1038\jre\bin\jimage.dll
0x00007ffa29620000 - 0x00007ffa29804000 	C:\Windows\SYSTEM32\DBGHELP.DLL
0x00007ffa2bc80000 - 0x00007ffa2bcac000 	C:\Windows\SYSTEM32\dbgcore.DLL
0x00007ffa3de50000 - 0x00007ffa3ded2000 	C:\Windows\System32\bcryptPrimitives.dll
0x00007ffa2a820000 - 0x00007ffa2a85b000 	D:\sts-4.16.0.RELEASE\plugins\org.eclipse.justj.openjdk.hotspot.jre.full.win32.x86_64_17.0.4.v20220903-1038\jre\bin\jdwp.dll
0x00007ffa3b230000 - 0x00007ffa3b23e000 	D:\sts-4.16.0.RELEASE\plugins\org.eclipse.justj.openjdk.hotspot.jre.full.win32.x86_64_17.0.4.v20220903-1038\jre\bin\instrument.dll
0x00007ffa37100000 - 0x00007ffa37125000 	D:\sts-4.16.0.RELEASE\plugins\org.eclipse.justj.openjdk.hotspot.jre.full.win32.x86_64_17.0.4.v20220903-1038\jre\bin\java.dll
0x00007ffa38bb0000 - 0x00007ffa38bc8000 	D:\sts-4.16.0.RELEASE\plugins\org.eclipse.justj.openjdk.hotspot.jre.full.win32.x86_64_17.0.4.v20220903-1038\jre\bin\zip.dll
0x00007ffa3f2c0000 - 0x00007ffa3fa03000 	C:\Windows\System32\SHELL32.dll
0x00007ffa3bef0000 - 0x00007ffa3c682000 	C:\Windows\SYSTEM32\windows.storage.dll
0x00007ffa40240000 - 0x00007ffa40594000 	C:\Windows\System32\combase.dll
0x00007ffa3d8b0000 - 0x00007ffa3d8e0000 	C:\Windows\SYSTEM32\Wldp.dll
0x00007ffa3fef0000 - 0x00007ffa3ff9d000 	C:\Windows\System32\SHCORE.dll
0x00007ffa405a0000 - 0x00007ffa405f5000 	C:\Windows\System32\shlwapi.dll
0x00007ffa3dd90000 - 0x00007ffa3ddaf000 	C:\Windows\SYSTEM32\profapi.dll
0x00007ffa3a3e0000 - 0x00007ffa3a3ec000 	D:\sts-4.16.0.RELEASE\plugins\org.eclipse.justj.openjdk.hotspot.jre.full.win32.x86_64_17.0.4.v20220903-1038\jre\bin\dt_socket.dll
0x00007ffa3d2b0000 - 0x00007ffa3d2eb000 	C:\Windows\SYSTEM32\IPHLPAPI.DLL
0x00007ffa3d610000 - 0x00007ffa3d67a000 	C:\Windows\system32\mswsock.dll
0x00007ffa3d300000 - 0x00007ffa3d3ca000 	C:\Windows\SYSTEM32\DNSAPI.dll
0x00007ffa3ed50000 - 0x00007ffa3ed58000 	C:\Windows\System32\NSI.dll
0x00007ffa34080000 - 0x00007ffa3408a000 	C:\Windows\System32\rasadhlp.dll
0x00007ffa2de90000 - 0x00007ffa2df10000 	C:\Windows\System32\fwpuclnt.dll
0x00007ffa3e040000 - 0x00007ffa3e067000 	C:\Windows\System32\bcrypt.dll
0x00007ffa370e0000 - 0x00007ffa370f9000 	D:\sts-4.16.0.RELEASE\plugins\org.eclipse.justj.openjdk.hotspot.jre.full.win32.x86_64_17.0.4.v20220903-1038\jre\bin\net.dll
0x00007ffa2f190000 - 0x00007ffa2f29c000 	C:\Windows\SYSTEM32\WINHTTP.dll
0x00007ffa370c0000 - 0x00007ffa370d5000 	D:\sts-4.16.0.RELEASE\plugins\org.eclipse.justj.openjdk.hotspot.jre.full.win32.x86_64_17.0.4.v20220903-1038\jre\bin\nio.dll
0x00007ffa342c0000 - 0x00007ffa342c9000 	D:\sts-4.16.0.RELEASE\plugins\org.eclipse.justj.openjdk.hotspot.jre.full.win32.x86_64_17.0.4.v20220903-1038\jre\bin\management.dll
0x00007ffa2dc80000 - 0x00007ffa2dc8b000 	D:\sts-4.16.0.RELEASE\plugins\org.eclipse.justj.openjdk.hotspot.jre.full.win32.x86_64_17.0.4.v20220903-1038\jre\bin\management_ext.dll
0x00007ffa36fc0000 - 0x00007ffa36fd7000 	C:\Windows\system32\napinsp.dll
0x00007ffa33f10000 - 0x00007ffa33f2b000 	C:\Windows\system32\pnrpnsp.dll
0x00007ffa38c50000 - 0x00007ffa38c65000 	C:\Windows\system32\wshbth.dll
0x00007ffa3a190000 - 0x00007ffa3a1ad000 	C:\Windows\system32\NLAapi.dll
0x00007ffa33ef0000 - 0x00007ffa33f02000 	C:\Windows\System32\winrnr.dll
0x00007ffa3d800000 - 0x00007ffa3d818000 	C:\Windows\SYSTEM32\CRYPTSP.dll
0x00007ffa3cec0000 - 0x00007ffa3cef4000 	C:\Windows\system32\rsaenh.dll
0x00007ffa3dd50000 - 0x00007ffa3dd7e000 	C:\Windows\SYSTEM32\USERENV.dll
0x00007ffa3d820000 - 0x00007ffa3d82c000 	C:\Windows\SYSTEM32\CRYPTBASE.dll
0x00007ffa36040000 - 0x00007ffa36057000 	C:\Windows\SYSTEM32\dhcpcsvc6.DLL
0x00007ffa35a90000 - 0x00007ffa35aad000 	C:\Windows\SYSTEM32\dhcpcsvc.DLL
0x00007ffa3a3a0000 - 0x00007ffa3a3b0000 	D:\sts-4.16.0.RELEASE\plugins\org.eclipse.justj.openjdk.hotspot.jre.full.win32.x86_64_17.0.4.v20220903-1038\jre\bin\verify.dll

dbghelp: loaded successfully - version: 4.0.5 - missing functions: none
symbol engine: initialized successfully - sym options: 0x614 - pdb path: .;D:\sts-4.16.0.RELEASE\plugins\org.eclipse.justj.openjdk.hotspot.jre.full.win32.x86_64_17.0.4.v20220903-1038\jre\bin;C:\Windows\SYSTEM32;C:\Windows\WinSxS\amd64_microsoft.windows.common-controls_6595b64144ccf1df_6.0.19041.1110_none_60b5254171f9507e;D:\sts-4.16.0.RELEASE\plugins\org.eclipse.justj.openjdk.hotspot.jre.full.win32.x86_64_17.0.4.v20220903-1038\jre\bin\server

VM Arguments:
jvm_args: -XX:+ShowCodeDetailsInExceptionMessages -agentlib:jdwp=transport=dt_socket,suspend=y,address=localhost:65418 -Dcom.sun.management.jmxremote -Dcom.sun.management.jmxremote.port=59137 -Dcom.sun.management.jmxremote.authenticate=false -Dcom.sun.management.jmxremote.ssl=false -Djava.rmi.server.hostname=localhost -Dspring.jmx.enabled=true -Dspring.application.admin.enabled=true -XX:TieredStopAtLevel=1 -Dspring.boot.project.name=automacaoresidencial -javaagent:D:\sts-4.16.0.RELEASE\configuration\org.eclipse.osgi\268\0\.cp\lib\javaagent-shaded.jar -Dfile.encoding=UTF-8 
java_command: tk.gvfs.automacaoresidencial.AutomacaoResidencialManagerApplication --spring.output.ansi.enabled=always
java_class_path (initial): D:\GitWorkspace\Projetos Pessoais\Teste Scenario Automation\backend-automacaoresidencial\target\classes;C:\Users\guilh\.m2\repository\org\springframework\boot\spring-boot-starter-data-jpa\2.2.2.RELEASE\spring-boot-starter-data-jpa-2.2.2.RELEASE.jar;C:\Users\guilh\.m2\repository\org\springframework\boot\spring-boot-starter-aop\2.2.2.RELEASE\spring-boot-starter-aop-2.2.2.RELEASE.jar;C:\Users\guilh\.m2\repository\org\springframework\spring-aop\5.2.2.RELEASE\spring-aop-5.2.2.RELEASE.jar;C:\Users\guilh\.m2\repository\org\aspectj\aspectjweaver\1.9.5\aspectjweaver-1.9.5.jar;C:\Users\guilh\.m2\repository\org\springframework\boot\spring-boot-starter-jdbc\2.2.2.RELEASE\spring-boot-starter-jdbc-2.2.2.RELEASE.jar;C:\Users\guilh\.m2\repository\com\zaxxer\HikariCP\3.4.1\HikariCP-3.4.1.jar;C:\Users\guilh\.m2\repository\org\springframework\spring-jdbc\5.2.2.RELEASE\spring-jdbc-5.2.2.RELEASE.jar;C:\Users\guilh\.m2\repository\jakarta\activation\jakarta.activation-api\1.2.1\jakarta.activation-api-1.2.1.jar;C:\Users\guilh\.m2\repository\jakarta\persistence\jakarta.persistence-api\2.2.3\jakarta.persistence-api-2.2.3.jar;C:\Users\guilh\.m2\repository\jakarta\transaction\jakarta.transaction-api\1.3.3\jakarta.transaction-api-1.3.3.jar;C:\Users\guilh\.m2\repository\org\hibernate\hibernate-core\5.4.9.Final\hibernate-core-5.4.9.Final.jar;C:\Users\guilh\.m2\repository\org\jboss\logging\jboss-logging\3.4.1.Final\jboss-logging-3.4.1.Final.jar;C:\Users\guilh\.m2\repository\org\javassist\javassist\3.24.0-GA\javassist-3.24.0-GA.jar;C:\Users\guilh\.m2\repository\net\bytebuddy\byte-buddy\1.10.4\byte-buddy-1.10.4.jar;C:\Users\guilh\.m2\repository\antlr\antlr\2.7.7\antlr-2.7.7.jar;C:\Users\guilh\.m2\repository\org\jboss\jandex\2.1.1.Final\jandex-2.1.1.Final.jar;C:\Users\guilh\.m2\repository\org\dom4j\dom4j\2.1.1\dom4j-2.1.1.jar;C:\Users\guilh\.m2\repository\org\hibernate\common\hibernate-commons-annotations\5.1.0.Final\hibernate-commons-annotations-5.1.0.Final.jar;C:\Users\
Launcher Type: SUN_STANDARD

[Global flags]
     intx CICompilerCount                          = 3                                         {product} {ergonomic}
     uint ConcGCThreads                            = 1                                         {product} {ergonomic}
     uint G1ConcRefinementThreads                  = 4                                         {product} {ergonomic}
   size_t G1HeapRegionSize                         = 2097152                                   {product} {ergonomic}
    uintx GCDrainStackTargetSize                   = 64                                        {product} {ergonomic}
   size_t InitialHeapSize                          = 268435456                                 {product} {ergonomic}
     bool ManagementServer                         = true                                      {product} {command line}
   size_t MarkStackSize                            = 4194304                                   {product} {ergonomic}
   size_t MaxHeapSize                              = 4265607168                                {product} {ergonomic}
   size_t MaxNewSize                               = 2558525440                                {product} {ergonomic}
   size_t MinHeapDeltaBytes                        = 2097152                                   {product} {ergonomic}
   size_t MinHeapSize                              = 8388608                                   {product} {ergonomic}
    uintx NonProfiledCodeHeapSize                  = 0                                      {pd product} {ergonomic}
     bool ProfileInterpreter                       = false                                  {pd product} {command line}
    uintx ProfiledCodeHeapSize                     = 0                                      {pd product} {ergonomic}
     bool ShowCodeDetailsInExceptionMessages       = true                                   {manageable} {command line}
   size_t SoftMaxHeapSize                          = 4265607168                             {manageable} {ergonomic}
     intx TieredStopAtLevel                        = 1                                         {product} {command line}
     bool UseCompressedClassPointers               = true                           {product lp64_product} {ergonomic}
     bool UseCompressedOops                        = true                           {product lp64_product} {ergonomic}
     bool UseG1GC                                  = true                                      {product} {ergonomic}
     bool UseLargePagesIndividualAllocation        = false                                  {pd product} {ergonomic}

Logging:
Log output configuration:
 #0: stdout all=warning uptime,level,tags
 #1: stderr all=off uptime,level,tags

Environment Variables:
JAVA_HOME=D:\Arquivos de Programas (HDD)\Java\zulu17.38.21-ca-jdk17.0.5-win_x64
PATH=D:\sts-4.16.0.RELEASE\plugins\org.eclipse.justj.openjdk.hotspot.jre.full.win32.x86_64_17.0.4.v20220903-1038\jre\bin;D:/sts-4.16.0.RELEASE//plugins/org.eclipse.justj.openjdk.hotspot.jre.full.win32.x86_64_17.0.4.v20220903-1038/jre/bin/server;D:/sts-4.16.0.RELEASE//plugins/org.eclipse.justj.openjdk.hotspot.jre.full.win32.x86_64_17.0.4.v20220903-1038/jre/bin;C:\Program Files (x86)\Common Files\Oracle\Java\javapath;D:\Arquivos de Programas (HDD)\Java\zulu17.38.21-ca-jdk17.0.5-win_x64\bin;C:\Gradle\gradle-7.5\bin;C:\Program Files\Microsoft MPI\Bin\;C:\Windows\system32;C:\Windows;C:\Windows\System32\Wbem;C:\Windows\System32\WindowsPowerShell\v1.0\;C:\Windows\System32\OpenSSH\;C:\Program Files (x86)\Microsoft SQL Server\150\DTS\Binn\;C:\Program Files\Microsoft SQL Server\Client SDK\ODBC\170\Tools\Binn\;C:\Program Files (x86)\Microsoft SQL Server\150\Tools\Binn\;C:\Program Files\Microsoft SQL Server\150\Tools\Binn\;C:\Program Files\Microsoft SQL Server\150\DTS\Binn\;C:\Users\guilh\.dnx\bin;C:\Program Files\Microsoft DNX\Dnvm\;C:\Program Files (x86)\NVIDIA Corporation\PhysX\Common;C:\Program Files\NVIDIA Corporation\NVIDIA NvDLISR;C:\Program Files\Git\cmd;D:\Arquivos de Programas (HDD)\Microsoft VS Code\bin;D:\Arquivos de Programas (HDD)\;;D:\Program Files\Azure Data Studio\bin;D:\Program Files\MySQL\MySQL Shell 8.0\bin\;C:\Users\guilh\AppData\Local\Microsoft\WindowsApps;;C:\Program Files\Azure Data Studio\bin;C:\Users\guilh\AppData\Roaming\npm;D:\Program Files\JetBrains\IntelliJ IDEA Community Edition 2022.2.3\bin;;D:\Program Files\heroku\bin;D:\Program Files\Azure Data Studio\bin;C:\Program Files\Microsoft VS Code\bin;D:\sts-4.16.0.RELEASE;
USERNAME=guilh
OS=Windows_NT
PROCESSOR_IDENTIFIER=Intel64 Family 6 Model 69 Stepping 1, GenuineIntel
TMP=C:\Users\guilh\AppData\Local\Temp
TEMP=C:\Users\guilh\AppData\Local\Temp



---------------  S Y S T E M  ---------------

OS:
 Windows 10 , 64 bit Build 19041 (10.0.19041.2251)
OS uptime: 18 days 6:23 hours

CPU: total 4 (initial active 4) (2 cores per cpu, 2 threads per core) family 6 model 69 stepping 1 microcode 0x25, cx8, cmov, fxsr, ht, mmx, sse, sse2, sse3, ssse3, sse4.1, sse4.2, popcnt, lzcnt, tsc, tscinvbit, avx, avx2, aes, erms, clmul, bmi1, bmi2, fma, vzeroupper, clflush

Memory: 4k page, system-wide physical 16268M (755M free)
TotalPageFile size 44813M (AvailPageFile size 0M)
current process WorkingSet (physical memory assigned to process): 73M, peak: 73M
current process commit charge ("private bytes"): 345M, peak: 345M

vm_info: OpenJDK 64-Bit Server VM (17.0.4.1+1) for windows-amd64 JRE (17.0.4.1+1), built on Aug 17 2022 07:42:43 by "temurin" with MS VC++ 16.7 (VS2019)

END.
